CoviderApp/app/build 2/intermediates/manifest_merge_blame_file/debug/manifest-merger-blame-debug-report.txt
1<?xml version="1.0" encoding="utf-8"?>
2<manifest xmlns:android="http://schemas.android.com/apk/res/android"
3    package="com.example.firebaselogin"
4    android:versionCode="1"
5    android:versionName="1.0" >
6
7    <uses-sdk
8        android:minSdkVersion="21"
8-->src/main/AndroidManifest.xml
9        android:targetSdkVersion="32" />
9-->src/main/AndroidManifest.xml
10
11    <uses-permission android:name="android.permission.INTERNET" />
11-->src/main/AndroidManifest.xml:6:5-66
11-->src/main/AndroidManifest.xml:6:22-64
12    <uses-permission android:name="com.google.android.c2dm.permission.RECEIVE" />
12-->src/main/AndroidManifest.xml:7:5-81
12-->src/main/AndroidManifest.xml:7:22-79
13    <uses-permission android:name="android.permission.READ_EXTERNAL_STORAGE" />
13-->src/main/AndroidManifest.xml:8:5-80
13-->src/main/AndroidManifest.xml:8:22-77
14    <uses-permission android:name="android.permission.ACCESS_NETWORK_STATE" />
14-->[com.google.firebase:firebase-messaging:23.0.2] AndroidManifest.xml:25:5-79
14-->[com.google.firebase:firebase-messaging:23.0.2] AndroidManifest.xml:25:22-76
15    <uses-permission android:name="android.permission.WAKE_LOCK" />
15-->[com.google.firebase:firebase-messaging:23.0.2] AndroidManifest.xml:26:5-68
15-->[com.google.firebase:firebase-messaging:23.0.2] AndroidManifest.xml:26:22-65
16
17    <uses-feature
17-->[com.google.android.gms:play-services-maps:18.0.2] AndroidManifest.xml:26:5-28:35
18        android:glEsVersion="0x00020000"
18-->[com.google.android.gms:play-services-maps:18.0.2] AndroidManifest.xml:27:9-41
19        android:required="true" />
19-->[com.google.android.gms:play-services-maps:18.0.2] AndroidManifest.xml:28:9-32
20
21    <queries>
21-->[com.google.android.gms:play-services-maps:18.0.2] AndroidManifest.xml:30:5-34:15
22
23        <!-- Needs to be explicitly declared on Android R+ -->
24        <package android:name="com.google.android.apps.maps" />
24-->[com.google.android.gms:play-services-maps:18.0.2] AndroidManifest.xml:33:9-64
24-->[com.google.android.gms:play-services-maps:18.0.2] AndroidManifest.xml:33:18-61
25    </queries>
26
27    <uses-permission android:name="com.google.android.gms.permission.AD_ID" />
27-->[com.google.android.gms:play-services-measurement-api:20.1.2] AndroidManifest.xml:25:5-79
27-->[com.google.android.gms:play-services-measurement-api:20.1.2] AndroidManifest.xml:25:22-76
28    <uses-permission android:name="com.google.android.finsky.permission.BIND_GET_INSTALL_REFERRER_SERVICE" />
28-->[com.google.android.gms:play-services-measurement:20.1.2] AndroidManifest.xml:26:5-110
28-->[com.google.android.gms:play-services-measurement:20.1.2] AndroidManifest.xml:26:22-107
29
30    <application
30-->src/main/AndroidManifest.xml:10:5-95:19
31        android:allowBackup="true"
31-->src/main/AndroidManifest.xml:11:9-35
32        android:appComponentFactory="androidx.core.app.CoreComponentFactory"
32-->[androidx.core:core:1.7.0] AndroidManifest.xml:24:18-86
33        android:debuggable="true"
34        android:icon="@mipmap/ic_launcher"
34-->src/main/AndroidManifest.xml:12:9-43
35        android:label="@string/app_name"
35-->src/main/AndroidManifest.xml:13:9-41
36        android:roundIcon="@mipmap/ic_launcher_round"
36-->src/main/AndroidManifest.xml:14:9-54
37        android:supportsRtl="true"
37-->src/main/AndroidManifest.xml:15:9-35
38        android:testOnly="true"
39        android:theme="@style/Theme.Firebaselogin" >
39-->src/main/AndroidManifest.xml:16:9-51
40
41        <!--
42     Set custom default icon. This is used when no icon is set for incoming notification messages.
43     See README(https://goo.gl/l4GJaQ) for more.
44        -->
45        <meta-data
45-->src/main/AndroidManifest.xml:21:9-23:52
46            android:name="com.google.firebase.messaging.default_notification_icon"
46-->src/main/AndroidManifest.xml:22:13-83
47            android:resource="@drawable/usclogo" />
47-->src/main/AndroidManifest.xml:23:13-49
48        <!--
49             Set color used with incoming notification messages. This is used when no color is set for the incoming
50             notification message. See README(https://goo.gl/6BKBk7) for more.
51        -->
52        <meta-data
52-->src/main/AndroidManifest.xml:26:9-28:52
53            android:name="com.google.firebase.messaging.default_notification_color"
53-->src/main/AndroidManifest.xml:27:13-84
54            android:resource="@color/purple_500" />
54-->src/main/AndroidManifest.xml:28:13-49
55
56        <service
56-->src/main/AndroidManifest.xml:30:9-38:19
57            android:name="com.example.firebaselogin.notifications.MessagingService"
57-->src/main/AndroidManifest.xml:31:13-59
58            android:exported="false"
58-->src/main/AndroidManifest.xml:33:13-37
59            android:permission="com.google.android.c2dm.permission.SEND" >
59-->src/main/AndroidManifest.xml:32:13-73
60            <intent-filter>
60-->src/main/AndroidManifest.xml:34:13-37:29
61                <action android:name="com.google.firebase.MESSAGING_EVENT" />
61-->src/main/AndroidManifest.xml:35:17-77
61-->src/main/AndroidManifest.xml:35:25-75
62                <action android:name="com.google.android.c2dm.intent.RECEIVE" />
62-->src/main/AndroidManifest.xml:36:17-80
62-->src/main/AndroidManifest.xml:36:25-78
63            </intent-filter>
64        </service>
65
66        <activity
66-->src/main/AndroidManifest.xml:40:9-42:40
67            android:name="com.example.firebaselogin.BuildingQuestion"
67-->src/main/AndroidManifest.xml:41:13-45
68            android:exported="false" />
68-->src/main/AndroidManifest.xml:42:13-37
69        <!--
70             TODO: Before you run your application, you need a Google Maps API key.
71
72             To get one, follow the directions here:
73
74                https://developers.google.com/maps/documentation/android-sdk/get-api-key
75
76             Once you have your API key (it starts with "AIza"), define a new property in your
77             project's local.properties file (e.g. MAPS_API_KEY=Aiza...), and replace the
78             "YOUR_API_KEY" string in this file with "${MAPS_API_KEY}".
79        -->
80        <meta-data
80-->src/main/AndroidManifest.xml:54:9-56:71
81            android:name="com.google.android.geo.API_KEY"
81-->src/main/AndroidManifest.xml:55:13-58
82            android:value="AIzaSyC1rvFtV2gbYsTmFRJtwfzPxJD3k8RcAYU" />
82-->src/main/AndroidManifest.xml:56:13-68
83
84        <activity
84-->src/main/AndroidManifest.xml:58:9-66:20
85            android:name="com.example.firebaselogin.activities.LoginActivity"
85-->src/main/AndroidManifest.xml:59:13-53
86            android:exported="true" >
86-->src/main/AndroidManifest.xml:60:13-36
87            <intent-filter>
87-->src/main/AndroidManifest.xml:61:13-65:29
88                <action android:name="android.intent.action.MAIN" />
88-->src/main/AndroidManifest.xml:62:17-69
88-->src/main/AndroidManifest.xml:62:25-66
89
90                <category android:name="android.intent.category.LAUNCHER" />
90-->src/main/AndroidManifest.xml:64:17-77
90-->src/main/AndroidManifest.xml:64:27-74
91            </intent-filter>
92        </activity>
93        <activity
93-->src/main/AndroidManifest.xml:67:9-70:59
94            android:name="com.example.firebaselogin.activities.MapsActivity"
94-->src/main/AndroidManifest.xml:68:13-52
95            android:exported="false"
95-->src/main/AndroidManifest.xml:69:13-37
96            android:label="@string/title_activity_maps" />
96-->src/main/AndroidManifest.xml:70:13-56
97        <activity
97-->src/main/AndroidManifest.xml:71:9-73:40
98            android:name="com.example.firebaselogin.activities.HealthFormActivity"
98-->src/main/AndroidManifest.xml:72:13-58
99            android:exported="false" />
99-->src/main/AndroidManifest.xml:73:13-37
100        <activity
100-->src/main/AndroidManifest.xml:74:9-76:40
101            android:name="com.example.firebaselogin.activities.ProfileActivity"
101-->src/main/AndroidManifest.xml:75:13-55
102            android:exported="false" />
102-->src/main/AndroidManifest.xml:76:13-37
103        <activity
103-->src/main/AndroidManifest.xml:77:9-79:40
104            android:name="com.example.firebaselogin.activities.RegisterActivity"
104-->src/main/AndroidManifest.xml:78:13-56
105            android:exported="false" />
105-->src/main/AndroidManifest.xml:79:13-37
106        <activity
106-->src/main/AndroidManifest.xml:80:9-90:20
107            android:name="com.example.firebaselogin.activities.MainActivity"
107-->src/main/AndroidManifest.xml:81:13-52
108            android:exported="true" >
108-->src/main/AndroidManifest.xml:82:13-36
109            android:name=".MainActivity"
110            android:exported="true" >
111            <intent-filter>
111-->src/main/AndroidManifest.xml:61:13-65:29
112                <action android:name="android.intent.action.MAIN" />
112-->src/main/AndroidManifest.xml:62:17-69
112-->src/main/AndroidManifest.xml:62:25-66
113
114                <category android:name="android.intent.category.LAUNCHER" />
114-->src/main/AndroidManifest.xml:64:17-77
114-->src/main/AndroidManifest.xml:64:27-74
115            </intent-filter>
116        </activity>
117
118        <meta-data
118-->src/main/AndroidManifest.xml:92:9-94:57
119            android:name="preloaded_fonts"
119-->src/main/AndroidManifest.xml:93:13-43
120            android:resource="@array/preloaded_fonts" />
120-->src/main/AndroidManifest.xml:94:13-54
121
122        <receiver
122-->[com.google.firebase:firebase-messaging:23.0.2] AndroidManifest.xml:31:9-38:20
123            android:name="com.google.firebase.iid.FirebaseInstanceIdReceiver"
123-->[com.google.firebase:firebase-messaging:23.0.2] AndroidManifest.xml:32:13-78
124            android:exported="true"
124-->[com.google.firebase:firebase-messaging:23.0.2] AndroidManifest.xml:33:13-36
125            android:permission="com.google.android.c2dm.permission.SEND" >
125-->[com.google.firebase:firebase-messaging:23.0.2] AndroidManifest.xml:34:13-73
126            <intent-filter>
126-->[com.google.firebase:firebase-messaging:23.0.2] AndroidManifest.xml:35:13-37:29
127                <action android:name="com.google.android.c2dm.intent.RECEIVE" />
127-->src/main/AndroidManifest.xml:36:17-80
127-->src/main/AndroidManifest.xml:36:25-78
128            </intent-filter>
129        </receiver>
130        <!--
131             FirebaseMessagingService performs security checks at runtime,
132             but set to not exported to explicitly avoid allowing another app to call it.
133        -->
134        <service
134-->[com.google.firebase:firebase-messaging:23.0.2] AndroidManifest.xml:44:9-51:19
135            android:name="com.google.firebase.messaging.FirebaseMessagingService"
135-->[com.google.firebase:firebase-messaging:23.0.2] AndroidManifest.xml:45:13-82
136            android:directBootAware="true"
136-->[com.google.firebase:firebase-messaging:23.0.2] AndroidManifest.xml:46:13-43
137            android:exported="false" >
137-->[com.google.firebase:firebase-messaging:23.0.2] AndroidManifest.xml:47:13-37
138            <intent-filter android:priority="-500" >
138-->[com.google.firebase:firebase-messaging:23.0.2] AndroidManifest.xml:48:13-50:29
138-->[com.google.firebase:firebase-messaging:23.0.2] AndroidManifest.xml:48:28-51
139                <action android:name="com.google.firebase.MESSAGING_EVENT" />
139-->src/main/AndroidManifest.xml:35:17-77
139-->src/main/AndroidManifest.xml:35:25-75
140            </intent-filter>
141        </service>
142        <service
142-->[com.google.firebase:firebase-messaging:23.0.2] AndroidManifest.xml:52:9-58:19
143            android:name="com.google.firebase.components.ComponentDiscoveryService"
143-->[com.google.firebase:firebase-messaging:23.0.2] AndroidManifest.xml:53:13-84
144            android:directBootAware="true"
144-->[com.google.firebase:firebase-common:20.1.0] AndroidManifest.xml:35:13-43
145            android:exported="false" >
145-->[com.google.firebase:firebase-messaging:23.0.2] AndroidManifest.xml:54:13-37
146            <meta-data
146-->[com.google.firebase:firebase-messaging:23.0.2] AndroidManifest.xml:55:13-57:85
147                android:name="com.google.firebase.components:com.google.firebase.messaging.FirebaseMessagingRegistrar"
147-->[com.google.firebase:firebase-messaging:23.0.2] AndroidManifest.xml:56:17-119
148                android:value="com.google.firebase.components.ComponentRegistrar" />
148-->[com.google.firebase:firebase-messaging:23.0.2] AndroidManifest.xml:57:17-82
149            <meta-data
149-->[com.google.firebase:firebase-auth:21.0.2] AndroidManifest.xml:67:13-69:85
150                android:name="com.google.firebase.components:com.google.firebase.auth.FirebaseAuthRegistrar"
150-->[com.google.firebase:firebase-auth:21.0.2] AndroidManifest.xml:68:17-109
151                android:value="com.google.firebase.components.ComponentRegistrar" />
151-->[com.google.firebase:firebase-auth:21.0.2] AndroidManifest.xml:69:17-82
152            <meta-data
152-->[com.google.firebase:firebase-firestore-ktx:24.0.2] AndroidManifest.xml:15:13-17:85
153                android:name="com.google.firebase.components:com.google.firebase.firestore.ktx.FirebaseFirestoreKtxRegistrar"
153-->[com.google.firebase:firebase-firestore-ktx:24.0.2] AndroidManifest.xml:16:17-126
154                android:value="com.google.firebase.components.ComponentRegistrar" />
154-->[com.google.firebase:firebase-firestore-ktx:24.0.2] AndroidManifest.xml:17:17-82
155            <meta-data
155-->[com.google.firebase:firebase-common-ktx:20.1.0] AndroidManifest.xml:15:13-17:85
156                android:name="com.google.firebase.components:com.google.firebase.ktx.FirebaseCommonKtxRegistrar"
156-->[com.google.firebase:firebase-common-ktx:20.1.0] AndroidManifest.xml:16:17-113
157                android:value="com.google.firebase.components.ComponentRegistrar" />
157-->[com.google.firebase:firebase-common-ktx:20.1.0] AndroidManifest.xml:17:17-82
158            <meta-data
158-->[com.google.firebase:firebase-datatransport:18.1.1] AndroidManifest.xml:28:13-30:85
159                android:name="com.google.firebase.components:com.google.firebase.datatransport.TransportRegistrar"
159-->[com.google.firebase:firebase-datatransport:18.1.1] AndroidManifest.xml:29:17-115
160                android:value="com.google.firebase.components.ComponentRegistrar" />
160-->[com.google.firebase:firebase-datatransport:18.1.1] AndroidManifest.xml:30:17-82
161            <meta-data
161-->[com.google.firebase:firebase-firestore:24.0.2] AndroidManifest.xml:20:13-22:85
162                android:name="com.google.firebase.components:com.google.firebase.firestore.FirestoreRegistrar"
162-->[com.google.firebase:firebase-firestore:24.0.2] AndroidManifest.xml:21:17-111
163                android:value="com.google.firebase.components.ComponentRegistrar" />
163-->[com.google.firebase:firebase-firestore:24.0.2] AndroidManifest.xml:22:17-82
164            <meta-data
164-->[com.google.android.gms:play-services-measurement-api:20.1.2] AndroidManifest.xml:31:13-33:85
165                android:name="com.google.firebase.components:com.google.firebase.analytics.connector.internal.AnalyticsConnectorRegistrar"
165-->[com.google.android.gms:play-services-measurement-api:20.1.2] AndroidManifest.xml:32:17-139
166                android:value="com.google.firebase.components.ComponentRegistrar" />
166-->[com.google.android.gms:play-services-measurement-api:20.1.2] AndroidManifest.xml:33:17-82
167            <meta-data
167-->[com.google.firebase:firebase-installations:17.0.1] AndroidManifest.xml:18:13-20:85
168                android:name="com.google.firebase.components:com.google.firebase.installations.FirebaseInstallationsRegistrar"
168-->[com.google.firebase:firebase-installations:17.0.1] AndroidManifest.xml:19:17-127
169                android:value="com.google.firebase.components.ComponentRegistrar" />
169-->[com.google.firebase:firebase-installations:17.0.1] AndroidManifest.xml:20:17-82
170        </service>
171
172        <activity
172-->[com.google.firebase:firebase-auth:21.0.2] AndroidManifest.xml:27:9-44:20
173            android:name="com.google.firebase.auth.internal.GenericIdpActivity"
173-->[com.google.firebase:firebase-auth:21.0.2] AndroidManifest.xml:28:13-80
174            android:excludeFromRecents="true"
174-->[com.google.firebase:firebase-auth:21.0.2] AndroidManifest.xml:29:13-46
175            android:exported="true"
175-->[com.google.firebase:firebase-auth:21.0.2] AndroidManifest.xml:30:13-36
176            android:launchMode="singleTask"
176-->[com.google.firebase:firebase-auth:21.0.2] AndroidManifest.xml:31:13-44
177            android:theme="@android:style/Theme.Translucent.NoTitleBar" >
177-->[com.google.firebase:firebase-auth:21.0.2] AndroidManifest.xml:32:13-72
178            <intent-filter>
178-->[com.google.firebase:firebase-auth:21.0.2] AndroidManifest.xml:33:13-43:29
179                <action android:name="android.intent.action.VIEW" />
179-->[com.google.firebase:firebase-auth:21.0.2] AndroidManifest.xml:34:17-69
179-->[com.google.firebase:firebase-auth:21.0.2] AndroidManifest.xml:34:25-66
180
181                <category android:name="android.intent.category.DEFAULT" />
181-->[com.google.firebase:firebase-auth:21.0.2] AndroidManifest.xml:36:17-76
181-->[com.google.firebase:firebase-auth:21.0.2] AndroidManifest.xml:36:27-73
182                <category android:name="android.intent.category.BROWSABLE" />
182-->[com.google.firebase:firebase-auth:21.0.2] AndroidManifest.xml:37:17-78
182-->[com.google.firebase:firebase-auth:21.0.2] AndroidManifest.xml:37:27-75
183
184                <data
184-->[com.google.firebase:firebase-auth:21.0.2] AndroidManifest.xml:39:17-42:51
185                    android:host="firebase.auth"
185-->[com.google.firebase:firebase-auth:21.0.2] AndroidManifest.xml:40:21-49
186                    android:path="/"
186-->[com.google.firebase:firebase-auth:21.0.2] AndroidManifest.xml:41:21-37
187                    android:scheme="genericidp" />
187-->[com.google.firebase:firebase-auth:21.0.2] AndroidManifest.xml:42:21-48
188            </intent-filter>
189        </activity>
190        <activity
190-->[com.google.firebase:firebase-auth:21.0.2] AndroidManifest.xml:45:9-62:20
191            android:name="com.google.firebase.auth.internal.RecaptchaActivity"
191-->[com.google.firebase:firebase-auth:21.0.2] AndroidManifest.xml:46:13-79
192            android:excludeFromRecents="true"
192-->[com.google.firebase:firebase-auth:21.0.2] AndroidManifest.xml:47:13-46
193            android:exported="true"
193-->[com.google.firebase:firebase-auth:21.0.2] AndroidManifest.xml:48:13-36
194            android:launchMode="singleTask"
194-->[com.google.firebase:firebase-auth:21.0.2] AndroidManifest.xml:49:13-44
195            android:theme="@android:style/Theme.Translucent.NoTitleBar" >
195-->[com.google.firebase:firebase-auth:21.0.2] AndroidManifest.xml:50:13-72
196            <intent-filter>
196-->[com.google.firebase:firebase-auth:21.0.2] AndroidManifest.xml:51:13-61:29
197                <action android:name="android.intent.action.VIEW" />
197-->[com.google.firebase:firebase-auth:21.0.2] AndroidManifest.xml:34:17-69
197-->[com.google.firebase:firebase-auth:21.0.2] AndroidManifest.xml:34:25-66
198
199                <category android:name="android.intent.category.DEFAULT" />
199-->[com.google.firebase:firebase-auth:21.0.2] AndroidManifest.xml:36:17-76
199-->[com.google.firebase:firebase-auth:21.0.2] AndroidManifest.xml:36:27-73
200                <category android:name="android.intent.category.BROWSABLE" />
200-->[com.google.firebase:firebase-auth:21.0.2] AndroidManifest.xml:37:17-78
200-->[com.google.firebase:firebase-auth:21.0.2] AndroidManifest.xml:37:27-75
201
202                <data
202-->[com.google.firebase:firebase-auth:21.0.2] AndroidManifest.xml:39:17-42:51
203                    android:host="firebase.auth"
203-->[com.google.firebase:firebase-auth:21.0.2] AndroidManifest.xml:40:21-49
204                    android:path="/"
204-->[com.google.firebase:firebase-auth:21.0.2] AndroidManifest.xml:41:21-37
205                    android:scheme="recaptcha" />
205-->[com.google.firebase:firebase-auth:21.0.2] AndroidManifest.xml:42:21-48
206            </intent-filter>
207        </activity> <!-- Needs to be explicitly declared on P+ -->
208        <uses-library
208-->[com.google.android.gms:play-services-maps:18.0.2] AndroidManifest.xml:39:9-41:40
209            android:name="org.apache.http.legacy"
209-->[com.google.android.gms:play-services-maps:18.0.2] AndroidManifest.xml:40:13-50
210            android:required="false" />
210-->[com.google.android.gms:play-services-maps:18.0.2] AndroidManifest.xml:41:13-37
211
212        <service
212-->[com.google.android.datatransport:transport-backend-cct:3.1.2] AndroidManifest.xml:29:9-35:19
213            android:name="com.google.android.datatransport.runtime.backends.TransportBackendDiscovery"
213-->[com.google.android.datatransport:transport-backend-cct:3.1.2] AndroidManifest.xml:30:13-103
214            android:exported="false" >
214-->[com.google.android.datatransport:transport-backend-cct:3.1.2] AndroidManifest.xml:31:13-37
215            <meta-data
215-->[com.google.android.datatransport:transport-backend-cct:3.1.2] AndroidManifest.xml:32:13-34:39
216                android:name="backend:com.google.android.datatransport.cct.CctBackendFactory"
216-->[com.google.android.datatransport:transport-backend-cct:3.1.2] AndroidManifest.xml:33:17-94
217                android:value="cct" />
217-->[com.google.android.datatransport:transport-backend-cct:3.1.2] AndroidManifest.xml:34:17-36
218        </service>
219        <service
219-->[com.google.android.datatransport:transport-runtime:3.1.2] AndroidManifest.xml:26:9-30:19
220            android:name="com.google.android.datatransport.runtime.scheduling.jobscheduling.JobInfoSchedulerService"
220-->[com.google.android.datatransport:transport-runtime:3.1.2] AndroidManifest.xml:27:13-117
221            android:exported="false"
221-->[com.google.android.datatransport:transport-runtime:3.1.2] AndroidManifest.xml:28:13-37
222            android:permission="android.permission.BIND_JOB_SERVICE" >
222-->[com.google.android.datatransport:transport-runtime:3.1.2] AndroidManifest.xml:29:13-69
223        </service>
224
225        <receiver
225-->[com.google.android.datatransport:transport-runtime:3.1.2] AndroidManifest.xml:32:9-34:40
226            android:name="com.google.android.datatransport.runtime.scheduling.jobscheduling.AlarmManagerSchedulerBroadcastReceiver"
226-->[com.google.android.datatransport:transport-runtime:3.1.2] AndroidManifest.xml:33:13-132
227            android:exported="false" />
227-->[com.google.android.datatransport:transport-runtime:3.1.2] AndroidManifest.xml:34:13-37
228
229        <provider
229-->[com.google.firebase:firebase-common:20.1.0] AndroidManifest.xml:26:9-31:39
230            android:name="com.google.firebase.provider.FirebaseInitProvider"
230-->[com.google.firebase:firebase-common:20.1.0] AndroidManifest.xml:27:13-77
231            android:authorities="com.example.firebaselogin.firebaseinitprovider"
231-->[com.google.firebase:firebase-common:20.1.0] AndroidManifest.xml:28:13-72
232            android:directBootAware="true"
232-->[com.google.firebase:firebase-common:20.1.0] AndroidManifest.xml:29:13-43
233            android:exported="false"
233-->[com.google.firebase:firebase-common:20.1.0] AndroidManifest.xml:30:13-37
234            android:initOrder="100" />
234-->[com.google.firebase:firebase-common:20.1.0] AndroidManifest.xml:31:13-36
235
236        <activity
236-->[com.google.android.gms:play-services-base:18.0.1] AndroidManifest.xml:20:9-22:45
237            android:name="com.google.android.gms.common.api.GoogleApiActivity"
237-->[com.google.android.gms:play-services-base:18.0.1] AndroidManifest.xml:20:19-85
238            android:exported="false"
238-->[com.google.android.gms:play-services-base:18.0.1] AndroidManifest.xml:22:19-43
239            android:theme="@android:style/Theme.Translucent.NoTitleBar" />
239-->[com.google.android.gms:play-services-base:18.0.1] AndroidManifest.xml:21:19-78
240
241        <receiver
241-->[com.google.android.gms:play-services-measurement:20.1.2] AndroidManifest.xml:29:9-33:20
242            android:name="com.google.android.gms.measurement.AppMeasurementReceiver"
242-->[com.google.android.gms:play-services-measurement:20.1.2] AndroidManifest.xml:30:13-85
243            android:enabled="true"
243-->[com.google.android.gms:play-services-measurement:20.1.2] AndroidManifest.xml:31:13-35
244            android:exported="false" >
244-->[com.google.android.gms:play-services-measurement:20.1.2] AndroidManifest.xml:32:13-37
245        </receiver>
246
247        <service
247-->[com.google.android.gms:play-services-measurement:20.1.2] AndroidManifest.xml:35:9-38:40
248            android:name="com.google.android.gms.measurement.AppMeasurementService"
248-->[com.google.android.gms:play-services-measurement:20.1.2] AndroidManifest.xml:36:13-84
249            android:enabled="true"
249-->[com.google.android.gms:play-services-measurement:20.1.2] AndroidManifest.xml:37:13-35
250            android:exported="false" />
250-->[com.google.android.gms:play-services-measurement:20.1.2] AndroidManifest.xml:38:13-37
251        <service
251-->[com.google.android.gms:play-services-measurement:20.1.2] AndroidManifest.xml:39:9-43:72
252            android:name="com.google.android.gms.measurement.AppMeasurementJobService"
252-->[com.google.android.gms:play-services-measurement:20.1.2] AndroidManifest.xml:40:13-87
253            android:enabled="true"
253-->[com.google.android.gms:play-services-measurement:20.1.2] AndroidManifest.xml:41:13-35
254            android:exported="false"
254-->[com.google.android.gms:play-services-measurement:20.1.2] AndroidManifest.xml:42:13-37
255            android:permission="android.permission.BIND_JOB_SERVICE" />
255-->[com.google.android.gms:play-services-measurement:20.1.2] AndroidManifest.xml:43:13-69
256
257        <meta-data
257-->[com.google.android.gms:play-services-basement:18.0.0] AndroidManifest.xml:21:9-23:69
258            android:name="com.google.android.gms.version"
258-->[com.google.android.gms:play-services-basement:18.0.0] AndroidManifest.xml:22:13-58
259            android:value="@integer/google_play_services_version" />
259-->[com.google.android.gms:play-services-basement:18.0.0] AndroidManifest.xml:23:13-66
260
261        <provider
261-->[androidx.emoji2:emoji2:1.0.0] AndroidManifest.xml:26:9-34:20
262            android:name="androidx.startup.InitializationProvider"
262-->[androidx.emoji2:emoji2:1.0.0] AndroidManifest.xml:27:13-67
263            android:authorities="com.example.firebaselogin.androidx-startup"
263-->[androidx.emoji2:emoji2:1.0.0] AndroidManifest.xml:28:13-68
264            android:exported="false" >
264-->[androidx.emoji2:emoji2:1.0.0] AndroidManifest.xml:29:13-37
265            <meta-data
265-->[androidx.emoji2:emoji2:1.0.0] AndroidManifest.xml:31:13-33:52
266                android:name="androidx.emoji2.text.EmojiCompatInitializer"
266-->[androidx.emoji2:emoji2:1.0.0] AndroidManifest.xml:32:17-75
267                android:value="androidx.startup" />
267-->[androidx.emoji2:emoji2:1.0.0] AndroidManifest.xml:33:17-49
268            <meta-data
268-->[androidx.lifecycle:lifecycle-process:2.4.0] AndroidManifest.xml:31:13-33:52
269                android:name="androidx.lifecycle.ProcessLifecycleInitializer"
269-->[androidx.lifecycle:lifecycle-process:2.4.0] AndroidManifest.xml:32:17-78
270                android:value="androidx.startup" />
270-->[androidx.lifecycle:lifecycle-process:2.4.0] AndroidManifest.xml:33:17-49
271        </provider>
272
273        <uses-library
273-->[androidx.window:window:1.0.0] AndroidManifest.xml:25:9-27:40
274            android:name="androidx.window.extensions"
274-->[androidx.window:window:1.0.0] AndroidManifest.xml:26:13-54
275            android:required="false" />
275-->[androidx.window:window:1.0.0] AndroidManifest.xml:27:13-37
276        <uses-library
276-->[androidx.window:window:1.0.0] AndroidManifest.xml:28:9-30:40
277            android:name="androidx.window.sidecar"
277-->[androidx.window:window:1.0.0] AndroidManifest.xml:29:13-51
278            android:required="false" />
278-->[androidx.window:window:1.0.0] AndroidManifest.xml:30:13-37
279    </application>
280
281</manifest>